<?xml version="1.0" encoding="UTF-8" ?>
<testsuites name="vitest tests" tests="2" failures="0" errors="0" time="0.002057682">
    <testsuite name="tests/unit/ts/smoke.test.ts" timestamp="2026-03-07T18:27:25.799Z" hostname="pop-os" tests="2" failures="0" errors="0" skipped="0" time="0.002057682">
        <testcase classname="tests/unit/ts/smoke.test.ts" name="smoke &gt; framework is operational" time="0.000926966">
        </testcase>
        <testcase classname="tests/unit/ts/smoke.test.ts" name="smoke &gt; typescript types work" time="0.000192141">
        </testcase>
    </testsuite>
</testsuites>
